 
****************************************
Report : timing
        -path full
        -delay max
        -max_paths 1
Design : mips_16_core_top
Version: G-2012.06
Date   : Tue Dec 22 04:15:29 2015
****************************************

Operating Conditions: slow   Library: slow
Wire Load Model Mode: top

  Startpoint: ID_stage_inst/instruction_reg_reg[14]
              (rising edge-triggered flip-flop clocked by clk)
  Endpoint: ID_stage_inst/pipeline_reg_out_reg[27]
            (rising edge-triggered flip-flop clocked by clk)
  Path Group: clk
  Path Type: max

  Des/Clust/Port     Wire Load Model       Library
  ------------------------------------------------
  mips_16_core_top   tsmc13_wl10           slow

  Point                                                   Incr       Path
  --------------------------------------------------------------------------
  clock clk (rise edge)                                   0.00       0.00
  clock network delay (ideal)                             1.00       1.00
  ID_stage_inst/instruction_reg_reg[14]/CK (DFFRX1)       0.00       1.00 r
  ID_stage_inst/instruction_reg_reg[14]/QN (DFFRX1)       0.52       1.52 r
  ID_stage_inst/U30/Y (NAND4X1)                           0.43       1.95 f
  ID_stage_inst/U29/Y (CLKINVX1)                          0.30       2.25 r
  ID_stage_inst/U26/Y (AOI22X1)                           0.20       2.45 f
  ID_stage_inst/U27/Y (INVX12)                            0.49       2.94 r
  ID_stage_inst/U37/Y (NOR2BX1)                           0.36       3.30 r
  ID_stage_inst/decoding_op_src2[0] (ID_stage)            0.00       3.30 r
  hazard_detection_unit_inst/decoding_op_src2[0] (hazard_detection_unit)
                                                          0.00       3.30 r
  hazard_detection_unit_inst/U8/Y (CLKINVX1)              0.35       3.65 f
  hazard_detection_unit_inst/U29/Y (OAI22XL)              0.37       4.02 r
  hazard_detection_unit_inst/U13/Y (AOI221XL)             0.15       4.17 f
  hazard_detection_unit_inst/U12/Y (OAI221XL)             0.22       4.39 r
  hazard_detection_unit_inst/U9/Y (AOI33X1)               0.23       4.61 f
  hazard_detection_unit_inst/U2/Y (NOR2X6)                0.35       4.97 r
  hazard_detection_unit_inst/pipeline_stall_n (hazard_detection_unit)
                                                          0.00       4.97 r
  ID_stage_inst/instruction_decode_en (ID_stage)          0.00       4.97 r
  ID_stage_inst/U9/Y (INVX1)                              0.11       5.08 f
  ID_stage_inst/U3/Y (CLKBUFX6)                           0.42       5.50 f
  ID_stage_inst/U31/Y (NOR2X1)                            0.58       6.08 r
  ID_stage_inst/U39/Y (NOR2X1)                            0.30       6.39 f
  ID_stage_inst/U57/Y (NAND2X1)                           0.25       6.63 r
  ID_stage_inst/U11/Y (OAI21XL)                           0.14       6.77 f
  ID_stage_inst/U61/Y (AOI31X4)                           0.49       7.26 r
  ID_stage_inst/U6/Y (CLKINVX1)                           0.36       7.62 f
  ID_stage_inst/U33/Y (NAND2X2)                           0.46       8.07 r
  ID_stage_inst/U74/Y (OAI2BB1X1)                         0.10       8.18 f
  ID_stage_inst/pipeline_reg_out_reg[27]/D (DFFRX1)       0.00       8.18 f
  data arrival time                                                  8.18

  clock clk (rise edge)                                  10.00      10.00
  clock network delay (ideal)                             1.00      11.00
  clock uncertainty                                      -1.00      10.00
  ID_stage_inst/pipeline_reg_out_reg[27]/CK (DFFRX1)      0.00      10.00 r
  library setup time                                     -0.14       9.86
  data required time                                                 9.86
  --------------------------------------------------------------------------
  data required time                                                 9.86
  data arrival time                                                 -8.18
  --------------------------------------------------------------------------
  slack (MET)                                                        1.68


1
